
[2022-04-03 21:49:03,252: INFO: stage_01_get_data]: 
********************
[2022-04-03 21:49:03,254: INFO: stage_01_get_data]: >>>>> stage Stage 01 started <<<<<
[2022-04-03 21:49:03,256: INFO: common]: yaml file: configs/config.yaml loaded successfully
[2022-04-03 21:49:03,258: INFO: common]: created directory at: data
[2022-04-03 21:49:03,258: INFO: stage_01_get_data]: Downloading data from https://download.microsoft.com/download/3/E/1/3E1C3F21-ECDB-4869-8368-6DEBA77B919F/kagglecatsanddogs_3367a.zip
[2022-04-03 21:49:03,259: INFO: stage_01_get_data]: data\data.zip already exists
[2022-04-03 21:49:03,259: INFO: stage_01_get_data]: >>>>> stage Stage 01 completed!<<<<<

[2022-04-03 21:50:08,613: INFO: stage_01_get_data]: 
********************
[2022-04-03 21:50:08,614: INFO: stage_01_get_data]: >>>>> stage Stage 01 started <<<<<
[2022-04-03 21:50:08,620: INFO: common]: yaml file: configs/config.yaml loaded successfully
[2022-04-03 21:50:08,622: INFO: common]: created directory at: data
[2022-04-03 21:52:43,600: INFO: stage_01_get_data]: filename: data\data.zip created with info Content-Type: application/octet-stream
Accept-Ranges: bytes
Server: Windows-Azure-Blob/1.0 Microsoft-HTTPAPI/2.0
x-ms-blob-content-md5: l2WJyK3tt5/f2azyQ9eE8w==
Last-Modified: Sat, 13 Oct 2018 12:14:22 GMT
ETag: "0x8D6310568FD1DF6"
Content-Length: 824894548
Date: Sun, 03 Apr 2022 16:20:09 GMT
Connection: close


[2022-04-03 21:52:43,600: INFO: stage_01_get_data]: >>>>> stage Stage 01 completed!<<<<<

